<?xml version="1.0" encoding="UTF-8"?>
<testng-results ignored="0" total="1" passed="1" failed="0" skipped="0">
  <reporter-output>
  </reporter-output>
  <suite started-at="2024-11-04T05:36:51Z" name="Suite" finished-at="2024-11-04T05:37:40Z" duration-ms="48869">
    <groups>
    </groups>
    <test started-at="2024-11-04T05:36:51Z" name="OrangeHRM" finished-at="2024-11-04T05:37:40Z" duration-ms="48869">
      <class name="PK1OrangeHRM.OrangeHRMusingSeleniumIDECode">
        <test-method signature="orangeHRMLogin(java.lang.String, java.lang.String, java.lang.String, java.lang.String, java.lang.String, java.lang.String)[pri:1, instance:PK1OrangeHRM.OrangeHRMusingSeleniumIDECode@14008db3]" started-at="2024-11-04T11:06:54Z" name="orangeHRMLogin" data-provider="excelData" finished-at="2024-11-04T11:07:40Z" duration-ms="45663" status="PASS">
          <params>
            <param index="0">
              <value>
                <![CDATA[Chrome]]>
              </value>
            </param>
            <param index="1">
              <value>
                <![CDATA[Admin]]>
              </value>
            </param>
            <param index="2">
              <value>
                <![CDATA[admin123]]>
              </value>
            </param>
            <param index="3">
              <value>
                <![CDATA[Piyush1]]>
              </value>
            </param>
            <param index="4">
              <value>
                <![CDATA[XYZ1]]>
              </value>
            </param>
            <param index="5">
              <value>
                <![CDATA[Punjabi1]]>
              </value>
            </param>
          </params>
          <reporter-output>
          </reporter-output>
        </test-method> <!-- orangeHRMLogin -->
      </class> <!-- PK1OrangeHRM.OrangeHRMusingSeleniumIDECode -->
    </test> <!-- OrangeHRM -->
  </suite> <!-- Suite -->
</testng-results>
