<?xml version="1.0" encoding="UTF-8"?>
<testng-results ignored="0" total="1" passed="1" failed="0" skipped="0">
  <reporter-output>
  </reporter-output>
  <suite started-at="2024-11-03T03:32:21Z" name="Default suite" finished-at="2024-11-03T03:33:09Z" duration-ms="47852">
    <groups>
    </groups>
    <test started-at="2024-11-03T03:32:21Z" name="Default test" finished-at="2024-11-03T03:33:09Z" duration-ms="47852">
      <class name="PK1OrangeHRM.OrangeHRMusingSeleniumIDECode">
        <test-method signature="orangeHRMLogin(java.lang.String, java.lang.String, java.lang.String, java.lang.String, java.lang.String, java.lang.String)[pri:1, instance:PK1OrangeHRM.OrangeHRMusingSeleniumIDECode@70f02c32]" started-at="2024-11-03T09:02:23Z" name="orangeHRMLogin" data-provider="excelData" finished-at="2024-11-03T09:03:09Z" duration-ms="46057" status="PASS">
          <params>
            <param index="0">
              <value>
                <![CDATA[Edge]]>
              </value>
            </param>
            <param index="1">
              <value>
                <![CDATA[Admin]]>
              </value>
            </param>
            <param index="2">
              <value>
                <![CDATA[admin123]]>
              </value>
            </param>
            <param index="3">
              <value>
                <![CDATA[Piyush1]]>
              </value>
            </param>
            <param index="4">
              <value>
                <![CDATA[XYZ1]]>
              </value>
            </param>
            <param index="5">
              <value>
                <![CDATA[Punjabi1]]>
              </value>
            </param>
          </params>
          <reporter-output>
          </reporter-output>
        </test-method> <!-- orangeHRMLogin -->
      </class> <!-- PK1OrangeHRM.OrangeHRMusingSeleniumIDECode -->
    </test> <!-- Default test -->
  </suite> <!-- Default suite -->
</testng-results>
